{"D:\\Users\\margomez\\Desktop\\Escritorio\\PROYECTOS_REACT\\rest_api_node_ts_server\\src\\router.ts": {"path":"D:\\Users\\margomez\\Desktop\\Escritorio\\PROYECTOS_REACT\\rest_api_node_ts_server\\src\\router.ts","statementMap":{"0":{"start":{"line":1,"column":0},"end":{"line":1,"column":32}},"1":{"start":{"line":2,"column":0},"end":{"line":2,"column":129}},"2":{"start":{"line":3,"column":0},"end":{"line":3,"column":47}},"3":{"start":{"line":4,"column":0},"end":{"line":4,"column":48}},"4":{"start":{"line":6,"column":15},"end":{"line":6,"column":23}},"5":{"start":{"line":9,"column":0},"end":{"line":19,"column":null}},"6":{"start":{"line":16,"column":21},"end":{"line":16,"column":30}},"7":{"start":{"line":21,"column":0},"end":{"line":21,"column":null}},"8":{"start":{"line":23,"column":1},"end":{"line":27,"column":null}},"9":{"start":{"line":29,"column":2},"end":{"line":41,"column":null}},"10":{"start":{"line":36,"column":21},"end":{"line":36,"column":30}},"11":{"start":{"line":43,"column":4},"end":{"line":47,"column":null}},"12":{"start":{"line":49,"column":4},"end":{"line":53,"column":null}},"13":{"start":{"line":55,"column":1},"end":{"line":55,"column":null}}},"fnMap":{"0":{"name":"(anonymous_0)","decl":{"start":{"line":16,"column":12},"end":{"line":16,"column":17}},"loc":{"start":{"line":16,"column":21},"end":{"line":16,"column":30}}},"1":{"name":"(anonymous_1)","decl":{"start":{"line":36,"column":12},"end":{"line":36,"column":17}},"loc":{"start":{"line":36,"column":21},"end":{"line":36,"column":30}}}},"branchMap":{},"s":{"0":2,"1":2,"2":2,"3":2,"4":2,"5":2,"6":4,"7":2,"8":2,"9":2,"10":5,"11":2,"12":2,"13":2},"f":{"0":4,"1":5},"b":{}}
,"D:\\Users\\margomez\\Desktop\\Escritorio\\PROYECTOS_REACT\\rest_api_node_ts_server\\src\\server.ts": {"path":"D:\\Users\\margomez\\Desktop\\Escritorio\\PROYECTOS_REACT\\rest_api_node_ts_server\\src\\server.ts","statementMap":{"0":{"start":{"line":9,"column":1},"end":{"line":9,"column":8}},"1":{"start":{"line":1,"column":1},"end":{"line":1,"column":30}},"2":{"start":{"line":2,"column":1},"end":{"line":2,"column":30}},"3":{"start":{"line":3,"column":1},"end":{"line":3,"column":29}},"4":{"start":{"line":4,"column":1},"end":{"line":4,"column":28}},"5":{"start":{"line":10,"column":4},"end":{"line":17,"column":5}},"6":{"start":{"line":11,"column":8},"end":{"line":11,"column":null}},"7":{"start":{"line":12,"column":8},"end":{"line":12,"column":null}},"8":{"start":{"line":16,"column":8},"end":{"line":16,"column":null}},"9":{"start":{"line":19,"column":1},"end":{"line":19,"column":null}},"10":{"start":{"line":22,"column":16},"end":{"line":22,"column":25}},"11":{"start":{"line":25,"column":1},"end":{"line":25,"column":null}},"12":{"start":{"line":27,"column":1},"end":{"line":27,"column":null}},"13":{"start":{"line":29,"column":1},"end":{"line":31,"column":null}},"14":{"start":{"line":30,"column":4},"end":{"line":30,"column":null}},"15":{"start":{"line":34,"column":1},"end":{"line":34,"column":null}}},"fnMap":{"0":{"name":"connectDB","decl":{"start":{"line":9,"column":23},"end":{"line":9,"column":32}},"loc":{"start":{"line":9,"column":32},"end":{"line":18,"column":2}}},"1":{"name":"(anonymous_2)","decl":{"start":{"line":29,"column":20},"end":{"line":29,"column":21}},"loc":{"start":{"line":29,"column":33},"end":{"line":31,"column":2}}}},"branchMap":{},"s":{"0":2,"1":2,"2":2,"3":2,"4":2,"5":3,"6":3,"7":2,"8":1,"9":2,"10":2,"11":2,"12":2,"13":2,"14":1,"15":2},"f":{"0":3,"1":1},"b":{}}
,"D:\\Users\\margomez\\Desktop\\Escritorio\\PROYECTOS_REACT\\rest_api_node_ts_server\\src\\config\\db.ts": {"path":"D:\\Users\\margomez\\Desktop\\Escritorio\\PROYECTOS_REACT\\rest_api_node_ts_server\\src\\config\\db.ts","statementMap":{"0":{"start":{"line":1,"column":0},"end":{"line":1,"column":48}},"1":{"start":{"line":2,"column":0},"end":{"line":2,"column":27}},"2":{"start":{"line":4,"column":0},"end":{"line":4,"column":null}},"3":{"start":{"line":7,"column":11},"end":{"line":11,"column":2}},"4":{"start":{"line":15,"column":0},"end":{"line":15,"column":null}}},"fnMap":{},"branchMap":{},"s":{"0":2,"1":2,"2":2,"3":2,"4":2},"f":{},"b":{}}
,"D:\\Users\\margomez\\Desktop\\Escritorio\\PROYECTOS_REACT\\rest_api_node_ts_server\\src\\handlers\\product.ts": {"path":"D:\\Users\\margomez\\Desktop\\Escritorio\\PROYECTOS_REACT\\rest_api_node_ts_server\\src\\handlers\\product.ts","statementMap":{"0":{"start":{"line":2,"column":0},"end":{"line":2,"column":45}},"1":{"start":{"line":5,"column":29},"end":{"line":8,"column":1}},"2":{"start":{"line":6,"column":20},"end":{"line":6,"column":50}},"3":{"start":{"line":7,"column":4},"end":{"line":7,"column":null}},"4":{"start":{"line":5,"column":13},"end":{"line":5,"column":29}},"5":{"start":{"line":10,"column":26},"end":{"line":18,"column":1}},"6":{"start":{"line":11,"column":21},"end":{"line":16,"column":6}},"7":{"start":{"line":17,"column":4},"end":{"line":17,"column":null}},"8":{"start":{"line":10,"column":13},"end":{"line":10,"column":26}},"9":{"start":{"line":20,"column":30},"end":{"line":30,"column":1}},"10":{"start":{"line":21,"column":19},"end":{"line":21,"column":29}},"11":{"start":{"line":22,"column":20},"end":{"line":22,"column":46}},"12":{"start":{"line":23,"column":4},"end":{"line":28,"column":5}},"13":{"start":{"line":24,"column":9},"end":{"line":26,"column":null}},"14":{"start":{"line":27,"column":8},"end":{"line":27,"column":14}},"15":{"start":{"line":29,"column":4},"end":{"line":29,"column":null}},"16":{"start":{"line":20,"column":14},"end":{"line":20,"column":30}},"17":{"start":{"line":32,"column":30},"end":{"line":45,"column":1}},"18":{"start":{"line":33,"column":19},"end":{"line":33,"column":29}},"19":{"start":{"line":34,"column":20},"end":{"line":34,"column":46}},"20":{"start":{"line":35,"column":4},"end":{"line":40,"column":5}},"21":{"start":{"line":36,"column":9},"end":{"line":38,"column":null}},"22":{"start":{"line":39,"column":8},"end":{"line":39,"column":14}},"23":{"start":{"line":42,"column":4},"end":{"line":42,"column":null}},"24":{"start":{"line":43,"column":4},"end":{"line":43,"column":null}},"25":{"start":{"line":44,"column":4},"end":{"line":44,"column":null}},"26":{"start":{"line":32,"column":14},"end":{"line":32,"column":30}},"27":{"start":{"line":47,"column":34},"end":{"line":60,"column":1}},"28":{"start":{"line":48,"column":19},"end":{"line":48,"column":29}},"29":{"start":{"line":49,"column":20},"end":{"line":49,"column":46}},"30":{"start":{"line":50,"column":4},"end":{"line":55,"column":5}},"31":{"start":{"line":51,"column":9},"end":{"line":53,"column":null}},"32":{"start":{"line":54,"column":8},"end":{"line":54,"column":14}},"33":{"start":{"line":57,"column":4},"end":{"line":57,"column":null}},"34":{"start":{"line":58,"column":4},"end":{"line":58,"column":null}},"35":{"start":{"line":59,"column":4},"end":{"line":59,"column":null}},"36":{"start":{"line":47,"column":13},"end":{"line":47,"column":34}},"37":{"start":{"line":62,"column":29},"end":{"line":73,"column":1}},"38":{"start":{"line":63,"column":19},"end":{"line":63,"column":29}},"39":{"start":{"line":64,"column":20},"end":{"line":64,"column":46}},"40":{"start":{"line":65,"column":4},"end":{"line":70,"column":5}},"41":{"start":{"line":66,"column":9},"end":{"line":68,"column":null}},"42":{"start":{"line":69,"column":8},"end":{"line":69,"column":14}},"43":{"start":{"line":71,"column":4},"end":{"line":71,"column":null}},"44":{"start":{"line":72,"column":4},"end":{"line":72,"column":null}},"45":{"start":{"line":62,"column":13},"end":{"line":62,"column":29}}},"fnMap":{"0":{"name":"(anonymous_1)","decl":{"start":{"line":5,"column":29},"end":{"line":5,"column":34}},"loc":{"start":{"line":5,"column":67},"end":{"line":8,"column":1}}},"1":{"name":"(anonymous_2)","decl":{"start":{"line":10,"column":26},"end":{"line":10,"column":31}},"loc":{"start":{"line":10,"column":64},"end":{"line":18,"column":1}}},"2":{"name":"(anonymous_3)","decl":{"start":{"line":20,"column":30},"end":{"line":20,"column":35}},"loc":{"start":{"line":20,"column":68},"end":{"line":30,"column":1}}},"3":{"name":"(anonymous_4)","decl":{"start":{"line":32,"column":30},"end":{"line":32,"column":35}},"loc":{"start":{"line":32,"column":68},"end":{"line":45,"column":1}}},"4":{"name":"(anonymous_5)","decl":{"start":{"line":47,"column":34},"end":{"line":47,"column":39}},"loc":{"start":{"line":47,"column":72},"end":{"line":60,"column":1}}},"5":{"name":"(anonymous_6)","decl":{"start":{"line":62,"column":29},"end":{"line":62,"column":34}},"loc":{"start":{"line":62,"column":67},"end":{"line":73,"column":1}}}},"branchMap":{"0":{"loc":{"start":{"line":23,"column":4},"end":{"line":28,"column":5}},"type":"if","locations":[{"start":{"line":23,"column":4},"end":{"line":28,"column":5}}]},"1":{"loc":{"start":{"line":35,"column":4},"end":{"line":40,"column":5}},"type":"if","locations":[{"start":{"line":35,"column":4},"end":{"line":40,"column":5}}]},"2":{"loc":{"start":{"line":50,"column":4},"end":{"line":55,"column":5}},"type":"if","locations":[{"start":{"line":50,"column":4},"end":{"line":55,"column":5}}]},"3":{"loc":{"start":{"line":65,"column":4},"end":{"line":70,"column":5}},"type":"if","locations":[{"start":{"line":65,"column":4},"end":{"line":70,"column":5}}]}},"s":{"0":2,"1":2,"2":1,"3":1,"4":2,"5":2,"6":2,"7":2,"8":2,"9":2,"10":2,"11":2,"12":2,"13":1,"14":1,"15":1,"16":2,"17":2,"18":2,"19":2,"20":2,"21":1,"22":1,"23":1,"24":1,"25":1,"26":2,"27":2,"28":2,"29":2,"30":2,"31":1,"32":1,"33":1,"34":1,"35":1,"36":2,"37":2,"38":2,"39":2,"40":2,"41":1,"42":1,"43":1,"44":1,"45":2},"f":{"0":1,"1":2,"2":2,"3":2,"4":2,"5":2},"b":{"0":[1],"1":[1],"2":[1],"3":[1]}}
,"D:\\Users\\margomez\\Desktop\\Escritorio\\PROYECTOS_REACT\\rest_api_node_ts_server\\src\\middleware\\index.ts": {"path":"D:\\Users\\margomez\\Desktop\\Escritorio\\PROYECTOS_REACT\\rest_api_node_ts_server\\src\\middleware\\index.ts","statementMap":{"0":{"start":{"line":2,"column":0},"end":{"line":2,"column":52}},"1":{"start":{"line":5,"column":33},"end":{"line":12,"column":1}},"2":{"start":{"line":6,"column":17},"end":{"line":6,"column":38}},"3":{"start":{"line":7,"column":4},"end":{"line":10,"column":5}},"4":{"start":{"line":8,"column":9},"end":{"line":8,"column":null}},"5":{"start":{"line":9,"column":9},"end":{"line":9,"column":15}},"6":{"start":{"line":11,"column":4},"end":{"line":11,"column":null}},"7":{"start":{"line":5,"column":13},"end":{"line":5,"column":33}}},"fnMap":{"0":{"name":"(anonymous_0)","decl":{"start":{"line":5,"column":33},"end":{"line":5,"column":34}},"loc":{"start":{"line":5,"column":88},"end":{"line":12,"column":1}}}},"branchMap":{"0":{"loc":{"start":{"line":7,"column":4},"end":{"line":10,"column":5}},"type":"if","locations":[{"start":{"line":7,"column":4},"end":{"line":10,"column":5}}]}},"s":{"0":2,"1":2,"2":17,"3":17,"4":8,"5":8,"6":9,"7":2},"f":{"0":17},"b":{"0":[8]}}
,"D:\\Users\\margomez\\Desktop\\Escritorio\\PROYECTOS_REACT\\rest_api_node_ts_server\\src\\models\\Product.model.ts": {"path":"D:\\Users\\margomez\\Desktop\\Escritorio\\PROYECTOS_REACT\\rest_api_node_ts_server\\src\\models\\Product.model.ts","statementMap":{"0":{"start":{"line":1,"column":0},"end":{"line":1,"column":78}},"1":{"start":{"line":7,"column":0},"end":{"line":23,"column":null}},"2":{"start":{"line":11,"column":12},"end":{"line":11,"column":null}},"3":{"start":{"line":16,"column":12},"end":{"line":16,"column":null}},"4":{"start":{"line":22,"column":12},"end":{"line":22,"column":null}},"5":{"start":{"line":7,"column":6},"end":{"line":23,"column":null}},"6":{"start":{"line":24,"column":0},"end":{"line":24,"column":null}}},"fnMap":{},"branchMap":{},"s":{"0":3,"1":3,"2":3,"3":3,"4":3,"5":3,"6":3},"f":{},"b":{}}
}
